<?xml version="1.0" encoding="UTF-8"?>
<!-- Generated by org.testng.reporters.JUnitReportReporter -->
<testsuite hostname="NIT-WKS-615" name="test.java.DriverScriptTest" tests="1" failures="0" timestamp="23 Dec 2015 12:39:55 GMT" time="54.430" errors="0">
  <testcase name="Test" time="54.430" classname="test.java.DriverScriptTest"/>
</testsuite>
